2020-01-19 12:46:02 ERROR Main:11 - Labas rytas!2020-02-01 09:21:13 INFO  Example1:11 - Main thread starts
2020-02-01 09:21:33 INFO  Example1:15 - Main thread is still running
2020-02-01 09:21:36 INFO  Example1:17 - Main thread ends
2020-02-01 09:24:25 INFO  Example1:11 - Main thread starts
2020-02-01 09:24:27 INFO  Example1:15 - Main thread is still running
2020-02-01 09:24:30 INFO  Example1:17 - Main thread ends
2020-02-01 09:36:14 INFO  Example2:13 - Main thread starts
2020-02-01 09:36:16 INFO  Example2:16 - Main thread is still running
2020-02-01 09:36:19 INFO  Example2:18 - Main thread ends
2020-02-01 09:55:06 INFO  ConcurencyExample3:15 - Main thread starts
2020-02-01 09:55:08 INFO  ConcurencyExample3:18 - Main thread is still running
2020-02-01 09:55:11 INFO  ConcurencyExample3:20 - Main thread ends
2020-02-01 09:58:39 INFO  ConcurencyExample3:15 - Main thread starts
2020-02-01 09:58:41 INFO  ConcurencyExample3:18 - Main thread is still running
2020-02-01 09:58:44 INFO  ConcurencyExample3:20 - Main thread ends
2020-02-01 10:03:16 INFO  ConcurencyExample3:16 - Main thread starts
2020-02-01 10:03:18 INFO  ConcurencyExample3:19 - Main thread is still running
2020-02-01 10:03:21 INFO  ConcurencyExample3:21 - Main thread ends
2020-02-01 10:03:56 INFO  ConcurencyExample3:15 - Main thread starts
2020-02-01 10:03:58 INFO  ConcurencyExample3:18 - Main thread is still running
2020-02-01 10:04:01 INFO  ConcurencyExample3:20 - Main thread ends
2020-02-01 10:08:15 INFO  ConcurencyExample3:15 - Main thread starts
2020-02-01 10:08:17 INFO  ConcurencyExample3:18 - Main thread is still running
2020-02-01 15:10:56 INFO  ToJasonExample:24 - {"name":"George","age":24,"position":["CTO","Founder","Director"],"skills":["Java","Kotlil","Python","JS"],"salary":{}}
2020-02-01 15:25:22 INFO  ToJasonExample:25 - Data was read succesfully
2020-02-01 15:28:52 INFO  ToJasonExample:25 - Data was read succesfully
2020-02-01 15:29:02 INFO  ToJasonExample:25 - Data was read succesfully
2020-02-01 15:45:20 INFO  ToJasonExample:25 - Data was read succesfully
2020-02-01 15:45:23 INFO  ToJasonExample:25 - Data was read succesfully
2020-02-01 15:45:31 INFO  ToJasonExample:25 - Data was read succesfully
2020-02-02 09:38:09 INFO  MatchExample:15 - false
2020-02-02 09:38:09 INFO  MatchExample:18 - true
2020-02-02 09:53:00 INFO  MatchExample:22 - First name is: Tom
2020-02-02 10:11:52 INFO  MatchExample:184 - Andrew
2020-02-02 10:11:52 INFO  MatchExample:29 - [6, 7, 7]
2020-02-02 10:11:52 INFO  MatchExample:35 - 6.666666666666667
2020-02-02 10:30:26 INFO  MatchExample:19 - Tom, Brandon, Michael
2020-02-02 10:30:26 INFO  MatchExample:25 - 2
2020-02-02 10:55:50 INFO  MatchExample:20 - Brandon, Michael
2020-02-02 10:55:50 INFO  MatchExample:27 - 2
2020-02-02 11:09:39 INFO  MatchExample:21 - Tom, Brandon, Michael
2020-02-02 11:09:39 INFO  MatchExample:28 - 2
2020-02-02 11:21:12 INFO  MatchExample:26 - Connor
2020-02-02 11:21:12 INFO  MatchExample:26 - Smith
2020-02-02 11:23:47 INFO  MatchExample:26 - Connor
2020-02-02 11:23:47 INFO  MatchExample:26 - Smith
2020-02-02 11:24:43 INFO  MatchExample:26 - Connor
2020-02-02 11:24:43 INFO  MatchExample:26 - Smith
2020-02-02 11:25:28 INFO  MatchExample:3880 - Michael
2020-02-02 11:25:28 INFO  MatchExample:3880 - Andrew
2020-02-02 11:25:28 INFO  MatchExample:3880 - Brandon
2020-02-02 11:25:28 INFO  MatchExample:26 - Connor
2020-02-02 11:25:28 INFO  MatchExample:26 - Smith
2020-02-02 11:26:51 INFO  MatchExample:3880 - Michael
2020-02-02 11:26:51 INFO  MatchExample:3880 - Andrew
2020-02-02 11:26:51 INFO  MatchExample:3880 - Brandon
2020-02-02 11:27:04 INFO  MatchExample:3880 - Michael
2020-02-02 11:27:04 INFO  MatchExample:3880 - Andrew
2020-02-02 11:27:04 INFO  MatchExample:3880 - Brandon
2020-02-02 11:27:04 INFO  MatchExample:26 - Connor
2020-02-02 11:27:04 INFO  MatchExample:26 - Smith
2020-02-02 11:27:52 INFO  MatchExample:3880 - Michael
2020-02-02 11:27:52 INFO  MatchExample:3880 - Andrew
2020-02-02 11:27:52 INFO  MatchExample:3880 - Brandon
2020-02-02 11:28:14 INFO  MatchExample:3880 - Michael
2020-02-02 11:28:14 INFO  MatchExample:3880 - Andrew
2020-02-02 11:28:14 INFO  MatchExample:3880 - Brandon
2020-02-02 11:28:14 INFO  MatchExample:26 - Connor
2020-02-02 11:28:14 INFO  MatchExample:26 - Smith
2020-02-02 11:54:07 INFO  MatchExample:21 - ELENA
2020-02-02 11:54:07 INFO  MatchExample:21 - MEDA
2020-02-02 11:55:28 INFO  MatchExample:22 - ELENA
2020-02-02 11:55:28 INFO  MatchExample:22 - MEDA
2020-02-02 12:09:41 INFO  MatchExample:184 - Elena
2020-02-02 12:09:41 INFO  MatchExample:184 - Meda
2020-02-02 12:09:55 INFO  MatchExample:184 - Elena
2020-02-02 12:09:55 INFO  MatchExample:184 - Meda
2020-02-02 12:11:54 INFO  MatchExample:184 - Elena
2020-02-02 12:11:54 INFO  MatchExample:184 - Meda
2020-02-02 12:12:25 INFO  MatchExample:184 - Elena
2020-02-02 12:12:25 INFO  MatchExample:184 - Meda
2020-02-02 12:14:55 INFO  MatchExample:184 - Meda
2020-02-02 12:14:55 INFO  MatchExample:184 - Elena
2020-02-02 13:35:55 INFO  MatchExample:27 - RytasLovaDurysAutomobilisKatinas
2020-02-02 13:35:55 INFO  MatchExample:34 - RYTASLOVADURYSAUTOMOBILISKATINAS
2020-02-02 13:40:38 INFO  MatchExample:26 - RytasLovaDurysAutomobilisKatinas
2020-02-02 13:40:38 INFO  MatchExample:32 - RYTASLOVADURYSAUTOMOBILISKATINAS
2020-02-02 13:40:38 INFO  MatchExample:37 - , Katinas
2020-02-02 13:41:20 INFO  MatchExample:26 - RytasLovaDurysAutomobilisKatinas
2020-02-02 13:41:20 INFO  MatchExample:32 - RYTASLOVADURYSAUTOMOBILISKATINAS
2020-02-02 13:41:20 INFO  MatchExample:37 - 
2020-02-02 13:41:58 INFO  MatchExample:26 - RytasLovaDurysAutomobilisKatinas
2020-02-02 13:41:58 INFO  MatchExample:32 - RYTASLOVADURYSAUTOMOBILISKATINAS
2020-02-02 13:41:58 INFO  MatchExample:37 - Rytas, Lova, Durys, Automobilis, Katinas
2020-02-02 13:42:12 INFO  MatchExample:26 - RytasLovaDurysAutomobilisKatinas
2020-02-02 13:42:12 INFO  MatchExample:32 - RYTASLOVADURYSAUTOMOBILISKATINAS
2020-02-02 13:42:12 INFO  MatchExample:37 - 
2020-02-02 13:42:29 INFO  MatchExample:26 - RytasLovaDurysAutomobilisKatinas
2020-02-02 13:42:29 INFO  MatchExample:32 - RYTASLOVADURYSAUTOMOBILISKATINAS
2020-02-02 13:42:29 INFO  MatchExample:37 - Rytas , Lova , Durys , Automobilis , Katinas
2020-02-02 13:45:04 INFO  MatchExample:26 - RytasLovaDurysAutomobilisKatinas
2020-02-02 13:45:04 INFO  MatchExample:32 - RYTASLOVADURYSAUTOMOBILISKATINAS
2020-02-02 13:45:04 INFO  MatchExample:37 - Rytas , Lova , Durys , Automobilis , Katinas
2020-02-02 13:45:43 INFO  MatchExample:26 - RytasLovaDurysAutomobilisKatinas
2020-02-02 13:45:43 INFO  MatchExample:32 - RYTASLOVADURYSAUTOMOBILISKATINAS
2020-02-02 13:45:43 INFO  MatchExample:37 - Rytas , Lova , Durys , Automobilis , Katinas
2020-02-02 13:45:43 INFO  MatchExample:41 - Lova
2020-02-02 13:45:43 INFO  MatchExample:41 - Automobilis
2020-02-06 22:49:21 INFO  ToJasonExample:31 - PersonData{name='Petras', surname='Petraitis', phonenumber='14444444'}
2020-02-06 22:49:21 INFO  ToJasonExample:32 - PersonData{name='Lina', surname='Smilgaitė', phonenumber='33333333'}
2020-02-06 22:50:03 INFO  ToJasonExample:32 - PersonData{name='Petras', surname='Petraitis', phonenumber='14444444'}
2020-02-06 22:50:03 INFO  ToJasonExample:33 - PersonData{name='Lina', surname='Smilgaitė', phonenumber='33333333'}
2020-02-06 22:50:03 INFO  ToJasonExample:34 - PersonData{name='Zita', surname='Gailytė', phonenumber='22222222'}
2020-02-06 22:52:32 INFO  ToJasonExample:31 - pirmojos asmens duomenys name='Petras', surname='Petraitis', phonenumber='14444444'
2020-02-06 22:52:32 INFO  ToJasonExample:32 - antrojo asmens duomenys name='Lina', surname='Smilgaitė', phonenumber='33333333'
2020-02-06 22:52:32 INFO  ToJasonExample:33 - treciojo asmens duomenys name='Zita', surname='Gailytė', phonenumber='22222222'
2020-02-06 22:56:24 INFO  ToJasonExample:23 - {"name":"George","age":24,"position":["CTO","Founder","Director"],"skills":["Java","Kotlil","Python","JS"],"salary":{}}
2020-02-19 01:16:30 INFO  ToJasonExample:25 - Data was read succesfully
2020-02-19 01:21:22 INFO  ToJasonExample:31 - pirmojos asmens duomenys name='Petras', surname='Petraitis', phonenumber='14444444'
2020-02-19 01:21:22 INFO  ToJasonExample:32 - antrojo asmens duomenys name='Lina', surname='Smilgaitė', phonenumber='33333333'
2020-02-19 01:21:22 INFO  ToJasonExample:33 - treciojo asmens duomenys name='Zita', surname='Gailytė', phonenumber='22222222'
2020-02-22 10:44:43 INFO  MatchExample:26 - RytasLovaDurysAutomobilisKatinas
2020-02-22 10:44:43 INFO  MatchExample:32 - RYTASLOVADURYSAUTOMOBILISKATINAS
2020-02-22 10:44:43 INFO  MatchExample:37 - Rytas , Lova , Durys , Automobilis , Katinas
2020-02-22 10:44:43 INFO  MatchExample:41 - Lova
2020-02-22 10:44:43 INFO  MatchExample:41 - Automobilis
2020-04-01 00:16:46 INFO  Read:18 - data read completed
2020-04-01 00:17:12 INFO  Read:18 - data read completed
2020-04-01 00:17:41 INFO  Read:18 - data read completed
2020-04-01 00:18:00 INFO  Read:18 - data read completed
2020-04-01 00:18:17 INFO  Read:18 - data read completed
2020-04-01 00:22:53 INFO  Read:18 - data read completed
2020-04-01 00:23:05 INFO  Read:18 - data read completed
2020-04-01 00:41:54 INFO  Read:18 - data read completed
2020-04-01 00:43:28 INFO  Read:18 - data read completed
2020-04-01 00:45:27 INFO  Read:18 - data read completed
2020-04-01 00:46:30 INFO  Read:18 - data read completed
2020-04-13 00:03:21 INFO  Read:18 - data read completed
2020-04-13 00:03:44 INFO  Read:18 - data read completed
2020-04-13 00:05:00 INFO  Read:18 - data read completed
2020-04-13 00:30:04 INFO  Read:18 - data read completed
2020-04-13 00:31:23 INFO  Read:18 - data read completed
2020-04-13 00:34:38 INFO  Read:18 - data read completed
2020-04-13 00:36:16 INFO  Read:18 - data read completed
2020-04-13 01:01:22 INFO  Read:18 - data read completed
2020-04-13 01:41:37 INFO  Read:18 - data read completed
2020-04-13 01:42:10 INFO  Read:18 - data read completed
2020-04-13 01:47:43 INFO  Read:18 - data read completed
2020-04-13 01:48:27 INFO  Read:18 - data read completed
2020-04-13 01:48:53 INFO  Read:18 - data read completed
2020-04-13 01:51:58 INFO  Read:18 - data read completed
2020-04-13 01:56:25 INFO  Read:18 - data read completed
2020-04-13 01:57:37 INFO  Read:18 - data read completed
2020-04-13 02:00:32 INFO  Read:18 - data read completed
2020-04-13 02:00:57 INFO  Read:18 - data read completed
2020-04-13 02:03:15 INFO  Read:18 - data read completed
2020-04-13 02:09:35 INFO  Read:18 - data read completed
2020-04-13 02:09:36 INFO  Read:18 - data read completed
2020-04-13 02:10:05 INFO  Read:18 - data read completed
2020-04-13 02:10:05 INFO  Read:18 - data read completed
2020-04-13 02:11:38 INFO  Read:18 - data read completed
2020-04-13 02:11:38 INFO  Read:18 - data read completed
2020-04-13 02:12:01 INFO  Read:18 - data read completed
2020-04-13 02:12:01 INFO  Read:18 - data read completed
2020-04-13 02:13:11 INFO  Read:18 - data read completed
2020-04-13 02:17:27 INFO  Read:18 - data read completed
2020-04-13 03:02:43 INFO  Read:18 - data read completed
2020-04-13 03:04:49 INFO  Read:18 - data read completed
2020-04-13 03:05:41 INFO  Read:18 - data read completed
2020-04-13 03:06:48 INFO  Read:18 - data read completed
2020-04-13 03:14:02 INFO  Read:18 - data read completed
2020-04-13 03:23:29 INFO  Read:18 - data read completed
2020-04-13 03:25:12 INFO  Read:18 - data read completed
2020-04-13 03:27:47 INFO  Read:18 - data read completed
2020-04-13 03:28:11 INFO  Read:18 - data read completed
2020-04-13 03:40:26 INFO  Read:18 - data read completed
2020-04-14 22:32:17 INFO  Read:18 - data read completed
2020-04-14 22:35:24 INFO  Read:18 - data read completed
2020-04-14 22:37:01 INFO  Read:18 - data read completed
2020-04-14 22:41:24 INFO  Read:18 - data read completed
